<?xml version="1.0" encoding="UTF-8"?>
<!-- Generated by org.testng.reporters.JUnitXMLReporter -->
<testsuite hostname="baclark77-mac1.home" name="All Consecutive Web Tests" tests="12" failures="0" timestamp="5 May 2014 15:25:14 GMT" time="1177.429" errors="0">
  <testcase name="TestSetup_Test" time="20.043" classname="com.nbcuni.test.publisher.tests.Setup.TestSetup"/>
  <testcase name="ConfigurationMultipleMPXAccounts_TC1073" time="16.594" classname="com.nbcuni.test.publisher.tests.Video.Configuration.ConfigurationMultipleMPXAccounts"/>
  <testcase name="MPXVideosSchedulingVerificationScheduling_Test" time="224.433" classname="com.nbcuni.test.publisher.tests.Video.ScheduleMPXVideos.MPXVideosSchedulingVerificationScheduling"/>
  <testcase name="SyncFromMPXButtonToVideoFileEntitiesEditForm_Test" time="0.001" classname="com.nbcuni.test.publisher.tests.Video.SyncFromMPXButtonToVideoFileEntitiesEditForm.SyncFromMPXButtonToVideoFileEntitiesEditForm"/>
  <testcase name="UndefinedIndexesDisplayingForMPXPlayers_Test" time="0.001" classname="com.nbcuni.test.publisher.tests.Video.UndefinedIndexesDisplayingForMPXPlayers.UndefinedIndexesDisplayingForMPXPlayers"/>
  <testcase name="CanonicalUR_TC1080" time="124.351" classname="com.nbcuni.test.publisher.tests.Video.CanonicalURLSupport.CanonicalURL"/>
  <testcase name="NotificationPlayerUnavailability_Test" time="297.847" classname="com.nbcuni.test.publisher.tests.Video.NotificationPlayerUnavailability.NotificationPlayerUnavailability"/>
  <testcase name="ThumbnailsAreNotUpdated_Test" time="160.773" classname="com.nbcuni.test.publisher.tests.Video.Thumbnails.ThumbnailsAreNotUpdated"/>
  <testcase name="CreateMediaGallery_Test" time="28.981" classname="com.nbcuni.test.publisher.tests.ContentEntityCreationManagement.ContentTypesEntities.MediaGallery.CreateMediaGallery"/>
  <testcase name="EXIFKeywordsIngestedPhraseInsteadSetsWords_Test" time="72.363" classname="com.nbcuni.test.publisher.tests.ContentEntityCreationManagement.Images.EXIFKeywordsIngestedAsPhraseInsteadSetsWords.EXIFKeywordsIngestedPhraseInsteadSetsWords"/>
  <testcase name="StickyButtons_Test" time="72.923" classname="com.nbcuni.test.publisher.tests.ContentEntityCreationManagement.ContentandEntityManagement.StickyEditActions.StickyButtons"/>
  <testcase name="DeleteMultipleAccounts_Test" time="126.4" classname="com.nbcuni.test.publisher.tests.Video.DeIngestingMPXAccountsAndCorrespondingAssets.DeleteMultipleAccounts"/>
</testsuite> <!-- All Consecutive Web Tests -->
