<?xml version="1.0" encoding="UTF-8"?>
<!-- Generated by org.testng.reporters.JUnitXMLReporter -->
<testsuite hostname="baclark77-mac1.home" name="All Web Tests" tests="14" failures="4" timestamp="22 Dec 2013 16:25:22 GMT" time="530.937" errors="0">
  <testcase name="PixelmanModuleSetupAndVerification" time="66.644" classname="com.nbcuni.test.publisher.tests.Advertising.Comscore.PixelmanModuleSetupAndVerification"/>
  <testcase name="GPTConfiguration" time="38.766" classname="com.nbcuni.test.publisher.tests.Advertising.GooglePublisherTagsGPT.GPTConfiguration"/>
  <testcase name="GPTTagsVerification" time="24.6" classname="com.nbcuni.test.publisher.tests.Advertising.GooglePublisherTagsGPT.GPTTagsVerification">
    <failure type="junit.framework.AssertionFailedError" message="Test case indicates there should be extra scripts present here. Following up with Pete">
      <![CDATA[junit.framework.AssertionFailedError: Test case indicates there should be extra scripts present here. Following up with Pete
	at junit.framework.Assert.fail(Assert.java:47)
	at com.nbcuni.test.publisher.tests.Advertising.GooglePublisherTagsGPT.GPTTagsVerification.GPTTagsVerification(GPTTagsVerification.java:106)
	at java.util.concurrent.ThreadPoolExecutor.runWorker(ThreadPoolExecutor.java:1145)
	at java.util.concurrent.ThreadPoolExecutor$Worker.run(ThreadPoolExecutor.java:615)
	at java.lang.Thread.run(Thread.java:724)
... Removed 10 stack frames]]>
    </failure>
  </testcase> <!-- GPTTagsVerification -->
  <testcase name="CreateCharacterProfile" time="16.534" classname="com.nbcuni.test.publisher.tests.ContentEntityCreationManagement.ContentTypesEntities.CharacterProfile.CreateCharacterProfile"/>
  <testcase name="AddingNewCustomContentType" time="28.7" classname="com.nbcuni.test.publisher.tests.ContentEntityCreationManagement.ContentTypesEntities.CustomContentType.AddingNewCustomContentType"/>
  <testcase name="CreateMediaGallery" time="21.489" classname="com.nbcuni.test.publisher.tests.ContentEntityCreationManagement.ContentTypesEntities.MediaGallery.CreateMediaGallery"/>
  <testcase name="CharacterFieldShouldAppearOnlyWhenCharacterIsSelectedAsCharacter" time="53.065" classname="com.nbcuni.test.publisher.tests.ContentEntityCreationManagement.ContentTypesEntities.Movie.CharacterFieldShouldAppearOnlyWhenCharacterIsSelectedAsCharacter">
    <failure type="java.lang.AssertionError" message="expected [d0beaaad8645495] but found []">
      <![CDATA[java.lang.AssertionError: expected [d0beaaad8645495] but found []
	at com.nbcuni.test.publisher.pageobjects.content.CastCrew.VerifyPersonNameValue(CastCrew.java:89)
	at com.nbcuni.test.publisher.tests.ContentEntityCreationManagement.ContentTypesEntities.Movie.CharacterFieldShouldAppearOnlyWhenCharacterIsSelectedAsCharacter.CharacterFieldShouldAppearOnlyWhenCharacterIsSelectedAsCharacter(CharacterFieldShouldAppearOnlyWhenCharacterIsSelectedAsCharacter.java:166)
	at java.util.concurrent.ThreadPoolExecutor.runWorker(ThreadPoolExecutor.java:1145)
	at java.util.concurrent.ThreadPoolExecutor$Worker.run(ThreadPoolExecutor.java:615)
	at java.lang.Thread.run(Thread.java:724)
... Removed 15 stack frames]]>
    </failure>
  </testcase> <!-- CharacterFieldShouldAppearOnlyWhenCharacterIsSelectedAsCharacter -->
  <testcase name="CharacterFieldShouldAppearOnlyWhenCharacterIsSelectedShortVersion" time="21.263" classname="com.nbcuni.test.publisher.tests.ContentEntityCreationManagement.ContentTypesEntities.Movie.CharacterFieldShouldAppearOnlyWhenCharacterIsSelectedShortVersion"/>
  <testcase name="CreatePerson" time="16.183" classname="com.nbcuni.test.publisher.tests.ContentEntityCreationManagement.ContentTypesEntities.Person.CreatePerson"/>
  <testcase name="CreatePost" time="43.635" classname="com.nbcuni.test.publisher.tests.ContentEntityCreationManagement.ContentTypesEntities.Post.CreatePost"/>
  <testcase name="CreateTVEpisode" time="65.339" classname="com.nbcuni.test.publisher.tests.ContentEntityCreationManagement.ContentTypesEntities.TVEpisode.CreateTVEpisode"/>
  <testcase name="CreateTVSeason" time="37.076" classname="com.nbcuni.test.publisher.tests.ContentEntityCreationManagement.ContentTypesEntities.TVSeason.CreateTVSeason"/>
  <testcase name="QueueModerationStates" time="27.452" classname="com.nbcuni.test.publisher.tests.Queues.AddModerationStatesToRevisionsOfAQueue.QueueModerationStates">
    <failure type="junit.framework.AssertionFailedError" message="Test under construction">
      <![CDATA[junit.framework.AssertionFailedError: Test under construction
	at junit.framework.Assert.fail(Assert.java:47)
	at com.nbcuni.test.publisher.tests.Queues.AddModerationStatesToRevisionsOfAQueue.QueueModerationStates.QueueModerationStates(QueueModerationStates.java:143)
	at java.util.concurrent.ThreadPoolExecutor.runWorker(ThreadPoolExecutor.java:1145)
	at java.util.concurrent.ThreadPoolExecutor$Worker.run(ThreadPoolExecutor.java:615)
	at java.lang.Thread.run(Thread.java:724)
... Removed 10 stack frames]]>
    </failure>
  </testcase> <!-- QueueModerationStates -->
  <testcase name="BasicUIForCreatingAndRevisingQueues" time="20.132" classname="com.nbcuni.test.publisher.tests.Queues.CreateUpdateRevisionsToQueues.BasicUIForCreatingAndRevisingQueues">
    <failure type="junit.framework.AssertionFailedError" message="Test steps indicate a &amp;apos;set revision as default&amp;apos; checkbox should be present but I can&amp;apos;t find it. emailing team for help.">
      <![CDATA[junit.framework.AssertionFailedError: Test steps indicate a 'set revision as default' checkbox should be present but I can't find it. emailing team for help.
	at junit.framework.Assert.fail(Assert.java:47)
	at com.nbcuni.test.publisher.tests.Queues.CreateUpdateRevisionsToQueues.BasicUIForCreatingAndRevisingQueues.BasicUIForCreatingAndRevisingQueues(BasicUIForCreatingAndRevisingQueues.java:122)
	at java.util.concurrent.ThreadPoolExecutor.runWorker(ThreadPoolExecutor.java:1145)
	at java.util.concurrent.ThreadPoolExecutor$Worker.run(ThreadPoolExecutor.java:615)
	at java.lang.Thread.run(Thread.java:724)
... Removed 10 stack frames]]>
    </failure>
  </testcase> <!-- BasicUIForCreatingAndRevisingQueues -->
</testsuite> <!-- All Web Tests -->
