<?xml version="1.0" encoding="UTF-8"?>
<testng-results skipped="0" failed="0" total="1" passed="1">
  <reporter-output>
    <line>
      <![CDATA[Open url 'http://qa5.qa.nbcupublisher7.publisher7.com'.]]>
    </line>
    <line>
      <![CDATA[Enter the user's email address in the 'Email Address' text box.]]>
    </line>
    <line>
      <![CDATA[Enter the user's password in the 'Password' text box.]]>
    </line>
    <line>
      <![CDATA[Click the 'Login' button.]]>
    </line>
    <line>
      <![CDATA[Click the 'Modules' menu link.]]>
    </line>
    <line>
      <![CDATA[Switch to the active frame titled 'Modules dialog'.]]>
    </line>
    <line>
      <![CDATA[Enter 'Pub Movie Relationships' in the 'Filter Name' text box.]]>
    </line>
    <line>
      <![CDATA[Wait for the module titled 'Pub Movie Relationships' to appear in the list.]]>
    </line>
    <line>
      <![CDATA[Verify the 'Pub Movie Relationships' check box is checked.]]>
    </line>
    <line>
      <![CDATA[Enter 'Pub Relationships' in the 'Filter Name' text box.]]>
    </line>
    <line>
      <![CDATA[Wait for the module titled 'Pub Relationships' to appear in the list.]]>
    </line>
    <line>
      <![CDATA[Verify the 'Pub Relationships' check box is checked.]]>
    </line>
    <line>
      <![CDATA[Enter 'Pub TV Relationships' in the 'Filter Name' text box.]]>
    </line>
    <line>
      <![CDATA[Wait for the module titled 'Pub TV Relationships' to appear in the list.]]>
    </line>
    <line>
      <![CDATA[Verify the 'Pub TV Relationships' check box is checked.]]>
    </line>
    <line>
      <![CDATA[Click the 'Close Overlay X'.]]>
    </line>
    <line>
      <![CDATA[Mouse over the 'Configuration' menu link.]]>
    </line>
    <line>
      <![CDATA[Mouse over the 'Content authoring' menu link.]]>
    </line>
    <line>
      <![CDATA[Click the 'Relationships Settings' menu link.]]>
    </line>
    <line>
      <![CDATA[Switch to the active frame titled 'Relationships Settings dialog'.]]>
    </line>
    <line>
      <![CDATA[Click the 'TV' tab.]]>
    </line>
    <line>
      <![CDATA[Uncheck all checked check boxes.]]>
    </line>
    <line>
      <![CDATA[Check the 'Character Profile' checkbox.]]>
    </line>
    <line>
      <![CDATA[Select 'Show' from the 'Character Profile TV Relationship Depth' drop down list.]]>
    </line>
    <line>
      <![CDATA[Check the 'TV Episode' checkbox.]]>
    </line>
    <line>
      <![CDATA[Select 'Season' from the 'TV Episode TV Relationship Depth' drop down list.]]>
    </line>
    <line>
      <![CDATA[Check the 'TV Season' checkbox.]]>
    </line>
    <line>
      <![CDATA[Select 'Show' from the 'TV Season TV Relationship Depth' drop down list.]]>
    </line>
    <line>
      <![CDATA[Click the 'Movies' tab.]]>
    </line>
    <line>
      <![CDATA[Uncheck all checked check boxes.]]>
    </line>
    <line>
      <![CDATA[Check the 'Character Profile' checkbox.]]>
    </line>
    <line>
      <![CDATA[Click the 'Save configuration' button.]]>
    </line>
    <line>
      <![CDATA[Verify success message of 'The configuration options have been saved.' is present.]]>
    </line>
    <line>
      <![CDATA[Verify there are no errors present.]]>
    </line>
    <line>
      <![CDATA[Click the 'Close Overlay X'.]]>
    </line>
    <line>
      <![CDATA[Mouse over the 'Content' menu link.]]>
    </line>
    <line>
      <![CDATA[Mouse over the 'Add content' menu link.]]>
    </line>
    <line>
      <![CDATA[Click the 'TV Show' menu link.]]>
    </line>
    <line>
      <![CDATA[Switch to the active frame titled 'Create TV Show dialog'.]]>
    </line>
    <line>
      <![CDATA[Scroll to and click the 'Basic Information' tab.]]>
    </line>
    <line>
      <![CDATA[Enter 'a9a9fbcdf71b4e7' in the 'Title' text box.]]>
    </line>
    <line>
      <![CDATA[Switch to the Synopsis frame.]]>
    </line>
    <line>
      <![CDATA[Enter a randomized text string into the 'Body' text area.]]>
    </line>
    <line>
      <![CDATA[Switch to the active frame titled 'Create TV Show dialog'.]]>
    </line>
    <line>
      <![CDATA[Click the Logo 'Select' button.]]>
    </line>
    <line>
      <![CDATA[Switch to the select file frame.]]>
    </line>
    <line>
      <![CDATA[Enter the file path for file upload.]]>
    </line>
    <line>
      <![CDATA[Click the 'Upload' button.]]>
    </line>
    <line>
      <![CDATA[Wait for the file link to be visible after upload.]]>
    </line>
    <line>
      <![CDATA[Click the 'Next' button.]]>
    </line>
    <line>
      <![CDATA[Click the 'Public Local Files' radio button.]]>
    </line>
    <line>
      <![CDATA[Click the 'Next' button.]]>
    </line>
    <line>
      <![CDATA[Verify the file image 'HanSolo' is present.]]>
    </line>
    <line>
      <![CDATA[Verify the img is loaded and visible.]]>
    </line>
    <line>
      <![CDATA[Click the 'Save' button.]]>
    </line>
    <line>
      <![CDATA[Switch to the active frame titled 'Create TV Show dialog'.]]>
    </line>
    <line>
      <![CDATA[Click the Cover Media 'Select' button.]]>
    </line>
    <line>
      <![CDATA[Switch to the select file frame.]]>
    </line>
    <line>
      <![CDATA[Enter the file path for file upload.]]>
    </line>
    <line>
      <![CDATA[Click the 'Upload' button.]]>
    </line>
    <line>
      <![CDATA[Wait for the file link to be visible after upload.]]>
    </line>
    <line>
      <![CDATA[Click the 'Next' button.]]>
    </line>
    <line>
      <![CDATA[Click the 'Public Local Files' radio button.]]>
    </line>
    <line>
      <![CDATA[Click the 'Next' button.]]>
    </line>
    <line>
      <![CDATA[Verify the file image 'HanSolo' is present.]]>
    </line>
    <line>
      <![CDATA[Verify the img is loaded and visible.]]>
    </line>
    <line>
      <![CDATA[Click the 'Save' button.]]>
    </line>
    <line>
      <![CDATA[Switch to the active frame titled 'Create TV Show dialog'.]]>
    </line>
    <line>
      <![CDATA[Click the Banner 'Select' button.]]>
    </line>
    <line>
      <![CDATA[Switch to the select file frame.]]>
    </line>
    <line>
      <![CDATA[Enter the file path for file upload.]]>
    </line>
    <line>
      <![CDATA[Click the 'Upload' button.]]>
    </line>
    <line>
      <![CDATA[Wait for the file link to be visible after upload.]]>
    </line>
    <line>
      <![CDATA[Click the 'Next' button.]]>
    </line>
    <line>
      <![CDATA[Click the 'Public Local Files' radio button.]]>
    </line>
    <line>
      <![CDATA[Click the 'Next' button.]]>
    </line>
    <line>
      <![CDATA[Verify the file image 'HanSolo' is present.]]>
    </line>
    <line>
      <![CDATA[Verify the img is loaded and visible.]]>
    </line>
    <line>
      <![CDATA[Click the 'Save' button.]]>
    </line>
    <line>
      <![CDATA[Switch to the active frame titled 'Create TV Show dialog'.]]>
    </line>
    <line>
      <![CDATA[Scroll the 'Publishing Options' link into view.]]>
    </line>
    <line>
      <![CDATA[Click the 'Publishing Options' link.]]>
    </line>
    <line>
      <![CDATA[Select 'Draft' from the 'Moderation State' drop down list.]]>
    </line>
    <line>
      <![CDATA[Click the 'Save' button.]]>
    </line>
    <line>
      <![CDATA[Verify success message of 'TV Show a9a9fbcdf71b4e7 has been created.' is present.]]>
    </line>
    <line>
      <![CDATA[Verify there are no errors present.]]>
    </line>
    <line>
      <![CDATA[Mouse over the 'Content' menu link.]]>
    </line>
    <line>
      <![CDATA[Mouse over the 'Add content' menu link.]]>
    </line>
    <line>
      <![CDATA[Click the 'TV Season' menu link.]]>
    </line>
    <line>
      <![CDATA[Switch to the active frame titled 'Create TV Season dialog'.]]>
    </line>
    <line>
      <![CDATA[Scroll to and click the 'Basic Information' tab.]]>
    </line>
    <line>
      <![CDATA[Enter 'bfcf3e5519d0461' in the 'Title' text box.]]>
    </line>
    <line>
      <![CDATA[Enter '1' in the 'Season Number' text box.]]>
    </line>
    <line>
      <![CDATA[Switch to the Synopsis frame.]]>
    </line>
    <line>
      <![CDATA[Enter a randomized text string into the 'Body' text area.]]>
    </line>
    <line>
      <![CDATA[Switch to the active frame titled 'Create TV Season dialog'.]]>
    </line>
    <line>
      <![CDATA[Click the 'Cover' select button.]]>
    </line>
    <line>
      <![CDATA[Switch to the select file frame.]]>
    </line>
    <line>
      <![CDATA[Enter the file path for file upload.]]>
    </line>
    <line>
      <![CDATA[Click the 'Upload' button.]]>
    </line>
    <line>
      <![CDATA[Wait for the file link to be visible after upload.]]>
    </line>
    <line>
      <![CDATA[Click the 'Next' button.]]>
    </line>
    <line>
      <![CDATA[Click the 'Public Local Files' radio button.]]>
    </line>
    <line>
      <![CDATA[Click the 'Next' button.]]>
    </line>
    <line>
      <![CDATA[Verify the file image 'HanSolo' is present.]]>
    </line>
    <line>
      <![CDATA[Verify the img is loaded and visible.]]>
    </line>
    <line>
      <![CDATA[Click the 'Save' button.]]>
    </line>
    <line>
      <![CDATA[Switch to the active frame titled 'Create TV Season dialog'.]]>
    </line>
    <line>
      <![CDATA[Scroll the 'Publishing Options' link into view.]]>
    </line>
    <line>
      <![CDATA[Click the 'Publishing Options' link.]]>
    </line>
    <line>
      <![CDATA[Select 'Draft' from the 'Moderation State' drop down list.]]>
    </line>
    <line>
      <![CDATA[Click the 'Relationships' link.]]>
    </line>
    <line>
      <![CDATA[Select 'a9a9fbcdf71b4e7' from the 'Show' drop down list.]]>
    </line>
    <line>
      <![CDATA[Click the 'Save' button.]]>
    </line>
    <line>
      <![CDATA[Verify success message of 'TV Season bfcf3e5519d0461 has been created.' is present.]]>
    </line>
    <line>
      <![CDATA[Verify there are no errors present.]]>
    </line>
    <line>
      <![CDATA[Mouse over the 'Content' menu link.]]>
    </line>
    <line>
      <![CDATA[Mouse over the 'Add content' menu link.]]>
    </line>
    <line>
      <![CDATA[Click the 'TV Episode' menu link.]]>
    </line>
    <line>
      <![CDATA[Switch to the active frame titled 'Create TV Episode dialog'.]]>
    </line>
    <line>
      <![CDATA[Scroll to and click the 'Basic Information' tab.]]>
    </line>
    <line>
      <![CDATA[Enter '714c8dbea469496' in the 'Title' text box.]]>
    </line>
    <line>
      <![CDATA[Enter '1' in the 'Episode Number' text box.]]>
    </line>
    <line>
      <![CDATA[Switch to the Synopsis frame.]]>
    </line>
    <line>
      <![CDATA[Enter a randomized text string into the 'Body' text area.]]>
    </line>
    <line>
      <![CDATA[Switch to the active frame titled 'Create TV Episode dialog'.]]>
    </line>
    <line>
      <![CDATA[Scroll the 'Publishing Options' link into view.]]>
    </line>
    <line>
      <![CDATA[Click the 'Publishing Options' link.]]>
    </line>
    <line>
      <![CDATA[Select 'Draft' from the 'Moderation State' drop down list.]]>
    </line>
    <line>
      <![CDATA[Click the 'Relationships' link.]]>
    </line>
    <line>
      <![CDATA[Select 'a9a9fbcdf71b4e7' from the 'Show' drop down list.]]>
    </line>
    <line>
      <![CDATA[Select 'bfcf3e5519d0461' from the 'Season' drop down list.]]>
    </line>
    <line>
      <![CDATA[Click the 'Save' button.]]>
    </line>
    <line>
      <![CDATA[Verify success message of 'TV Episode 714c8dbea469496 has been created.' is present.]]>
    </line>
    <line>
      <![CDATA[Verify there are no errors present.]]>
    </line>
    <line>
      <![CDATA[Mouse over the 'Content' menu link.]]>
    </line>
    <line>
      <![CDATA[Mouse over the 'Add content' menu link.]]>
    </line>
    <line>
      <![CDATA[Click the 'Movie' menu link.]]>
    </line>
    <line>
      <![CDATA[Switch to the active frame titled 'Create Movie dialog'.]]>
    </line>
    <line>
      <![CDATA[Scroll to and click the 'Basic Information' tab.]]>
    </line>
    <line>
      <![CDATA[Enter 'b8bf387bee0b42f' in the 'Title' text box.]]>
    </line>
    <line>
      <![CDATA[Switch to the Synopsis frame.]]>
    </line>
    <line>
      <![CDATA[Enter a randomized text string into the 'Body' text area.]]>
    </line>
    <line>
      <![CDATA[Switch to the active frame titled 'Create Movie dialog'.]]>
    </line>
    <line>
      <![CDATA[Click the 'Cover' select button.]]>
    </line>
    <line>
      <![CDATA[Switch to the select file frame.]]>
    </line>
    <line>
      <![CDATA[Enter the file path for file upload.]]>
    </line>
    <line>
      <![CDATA[Click the 'Upload' button.]]>
    </line>
    <line>
      <![CDATA[Wait for the file link to be visible after upload.]]>
    </line>
    <line>
      <![CDATA[Click the 'Next' button.]]>
    </line>
    <line>
      <![CDATA[Click the 'Public Local Files' radio button.]]>
    </line>
    <line>
      <![CDATA[Click the 'Next' button.]]>
    </line>
    <line>
      <![CDATA[Verify the file image 'HanSolo' is present.]]>
    </line>
    <line>
      <![CDATA[Verify the img is loaded and visible.]]>
    </line>
    <line>
      <![CDATA[Click the 'Save' button.]]>
    </line>
    <line>
      <![CDATA[Switch to the active frame titled 'Create Movie dialog'.]]>
    </line>
    <line>
      <![CDATA[Scroll the 'Publishing Options' link into view.]]>
    </line>
    <line>
      <![CDATA[Click the 'Publishing Options' link.]]>
    </line>
    <line>
      <![CDATA[Select 'Draft' from the 'Moderation State' drop down list.]]>
    </line>
    <line>
      <![CDATA[Click the 'Save' button.]]>
    </line>
    <line>
      <![CDATA[Verify success message of 'Movie b8bf387bee0b42f has been created.' is present.]]>
    </line>
    <line>
      <![CDATA[Verify there are no errors present.]]>
    </line>
    <line>
      <![CDATA[Mouse over the 'Content' menu link.]]>
    </line>
    <line>
      <![CDATA[Mouse over the 'Add content' menu link.]]>
    </line>
    <line>
      <![CDATA[Click the 'Character Profile' menu link.]]>
    </line>
    <line>
      <![CDATA[Switch to the active frame titled 'Create Character Profile dialog'.]]>
    </line>
    <line>
      <![CDATA[Enter '11d867adecef4e6' in the 'Character First Name' text box.]]>
    </line>
    <line>
      <![CDATA[Click the Cover Photo 'Select' button.]]>
    </line>
    <line>
      <![CDATA[Switch to the select file frame.]]>
    </line>
    <line>
      <![CDATA[Enter the file path for file upload.]]>
    </line>
    <line>
      <![CDATA[Click the 'Upload' button.]]>
    </line>
    <line>
      <![CDATA[Wait for the file link to be visible after upload.]]>
    </line>
    <line>
      <![CDATA[Click the 'Next' button.]]>
    </line>
    <line>
      <![CDATA[Click the 'Public Local Files' radio button.]]>
    </line>
    <line>
      <![CDATA[Click the 'Next' button.]]>
    </line>
    <line>
      <![CDATA[Verify the file image 'HanSolo' is present.]]>
    </line>
    <line>
      <![CDATA[Verify the img is loaded and visible.]]>
    </line>
    <line>
      <![CDATA[Click the 'Save' button.]]>
    </line>
    <line>
      <![CDATA[Switch to the active frame titled 'Create Character Profile dialog'.]]>
    </line>
    <line>
      <![CDATA[Assert that img source of the Cover Photo contains 'HanSolo'.]]>
    </line>
    <line>
      <![CDATA[Assert the the img is loaded and visible.]]>
    </line>
    <line>
      <![CDATA[Scroll the 'Publishing Options' link into view.]]>
    </line>
    <line>
      <![CDATA[Click the 'Publishing Options' link.]]>
    </line>
    <line>
      <![CDATA[Select 'Draft' from the 'Moderation State' drop down list.]]>
    </line>
    <line>
      <![CDATA[Click the 'Relationships' link.]]>
    </line>
    <line>
      <![CDATA[Select 'a9a9fbcdf71b4e7' from the 'Show' drop down list.]]>
    </line>
    <line>
      <![CDATA[Click the 'Relationships' link.]]>
    </line>
    <line>
      <![CDATA[Select 'b8bf387bee0b42f' from the 'Movie' drop down list.]]>
    </line>
    <line>
      <![CDATA[Click the 'Save' button.]]>
    </line>
    <line>
      <![CDATA[Verify success message of 'Character Profile 11d867adecef4e6 has been created.' is present.]]>
    </line>
    <line>
      <![CDATA[Verify there are no errors present.]]>
    </line>
  </reporter-output>
  <suite name="Default suite" duration-ms="97418" started-at="2014-03-20T23:04:49Z" finished-at="2014-03-20T23:06:27Z">
    <groups>
      <group name="full">
        <method signature="AddAbilityRelateShowSeasonEpisodeSpecifiableContentTypes.AddAbilityRelateShowSeasonEpisodeSpecifiableContentTypes_Test()[pri:0, instance:com.nbcuni.test.publisher.tests.ContentEntityCreationManagement.ContentandEntityRelationships.AddAbilityRelateShowSeasonEpisodeSpecifiableContentTypes@1201fd18]" name="AddAbilityRelateShowSeasonEpisodeSpecifiableContentTypes_Test" class="com.nbcuni.test.publisher.tests.ContentEntityCreationManagement.ContentandEntityRelationships.AddAbilityRelateShowSeasonEpisodeSpecifiableContentTypes"/>
      </group> <!-- full -->
    </groups>
    <test name="Default test" duration-ms="97418" started-at="2014-03-20T23:04:49Z" finished-at="2014-03-20T23:06:27Z">
      <class name="com.nbcuni.test.publisher.tests.ContentEntityCreationManagement.ContentandEntityRelationships.AddAbilityRelateShowSeasonEpisodeSpecifiableContentTypes">
        <test-method status="PASS" signature="startSelenium()[pri:0, instance:com.nbcuni.test.publisher.tests.ContentEntityCreationManagement.ContentandEntityRelationships.AddAbilityRelateShowSeasonEpisodeSpecifiableContentTypes@1201fd18]" name="startSelenium" is-config="true" duration-ms="14063" started-at="2014-03-20T19:04:49Z" finished-at="2014-03-20T19:05:03Z">
          <reporter-output>
          </reporter-output>
        </test-method> <!-- startSelenium -->
        <test-method status="PASS" signature="AddAbilityRelateShowSeasonEpisodeSpecifiableContentTypes_Test()[pri:0, instance:com.nbcuni.test.publisher.tests.ContentEntityCreationManagement.ContentandEntityRelationships.AddAbilityRelateShowSeasonEpisodeSpecifiableContentTypes@1201fd18]" name="AddAbilityRelateShowSeasonEpisodeSpecifiableContentTypes_Test" duration-ms="82771" started-at="2014-03-20T19:05:03Z" finished-at="2014-03-20T19:06:26Z">
          <reporter-output>
            <line>
              <![CDATA[Open url 'http://qa5.qa.nbcupublisher7.publisher7.com'.]]>
            </line>
            <line>
              <![CDATA[Enter the user's email address in the 'Email Address' text box.]]>
            </line>
            <line>
              <![CDATA[Enter the user's password in the 'Password' text box.]]>
            </line>
            <line>
              <![CDATA[Click the 'Login' button.]]>
            </line>
            <line>
              <![CDATA[Click the 'Modules' menu link.]]>
            </line>
            <line>
              <![CDATA[Switch to the active frame titled 'Modules dialog'.]]>
            </line>
            <line>
              <![CDATA[Enter 'Pub Movie Relationships' in the 'Filter Name' text box.]]>
            </line>
            <line>
              <![CDATA[Wait for the module titled 'Pub Movie Relationships' to appear in the list.]]>
            </line>
            <line>
              <![CDATA[Verify the 'Pub Movie Relationships' check box is checked.]]>
            </line>
            <line>
              <![CDATA[Enter 'Pub Relationships' in the 'Filter Name' text box.]]>
            </line>
            <line>
              <![CDATA[Wait for the module titled 'Pub Relationships' to appear in the list.]]>
            </line>
            <line>
              <![CDATA[Verify the 'Pub Relationships' check box is checked.]]>
            </line>
            <line>
              <![CDATA[Enter 'Pub TV Relationships' in the 'Filter Name' text box.]]>
            </line>
            <line>
              <![CDATA[Wait for the module titled 'Pub TV Relationships' to appear in the list.]]>
            </line>
            <line>
              <![CDATA[Verify the 'Pub TV Relationships' check box is checked.]]>
            </line>
            <line>
              <![CDATA[Click the 'Close Overlay X'.]]>
            </line>
            <line>
              <![CDATA[Mouse over the 'Configuration' menu link.]]>
            </line>
            <line>
              <![CDATA[Mouse over the 'Content authoring' menu link.]]>
            </line>
            <line>
              <![CDATA[Click the 'Relationships Settings' menu link.]]>
            </line>
            <line>
              <![CDATA[Switch to the active frame titled 'Relationships Settings dialog'.]]>
            </line>
            <line>
              <![CDATA[Click the 'TV' tab.]]>
            </line>
            <line>
              <![CDATA[Uncheck all checked check boxes.]]>
            </line>
            <line>
              <![CDATA[Check the 'Character Profile' checkbox.]]>
            </line>
            <line>
              <![CDATA[Select 'Show' from the 'Character Profile TV Relationship Depth' drop down list.]]>
            </line>
            <line>
              <![CDATA[Check the 'TV Episode' checkbox.]]>
            </line>
            <line>
              <![CDATA[Select 'Season' from the 'TV Episode TV Relationship Depth' drop down list.]]>
            </line>
            <line>
              <![CDATA[Check the 'TV Season' checkbox.]]>
            </line>
            <line>
              <![CDATA[Select 'Show' from the 'TV Season TV Relationship Depth' drop down list.]]>
            </line>
            <line>
              <![CDATA[Click the 'Movies' tab.]]>
            </line>
            <line>
              <![CDATA[Uncheck all checked check boxes.]]>
            </line>
            <line>
              <![CDATA[Check the 'Character Profile' checkbox.]]>
            </line>
            <line>
              <![CDATA[Click the 'Save configuration' button.]]>
            </line>
            <line>
              <![CDATA[Verify success message of 'The configuration options have been saved.' is present.]]>
            </line>
            <line>
              <![CDATA[Verify there are no errors present.]]>
            </line>
            <line>
              <![CDATA[Click the 'Close Overlay X'.]]>
            </line>
            <line>
              <![CDATA[Mouse over the 'Content' menu link.]]>
            </line>
            <line>
              <![CDATA[Mouse over the 'Add content' menu link.]]>
            </line>
            <line>
              <![CDATA[Click the 'TV Show' menu link.]]>
            </line>
            <line>
              <![CDATA[Switch to the active frame titled 'Create TV Show dialog'.]]>
            </line>
            <line>
              <![CDATA[Scroll to and click the 'Basic Information' tab.]]>
            </line>
            <line>
              <![CDATA[Enter 'a9a9fbcdf71b4e7' in the 'Title' text box.]]>
            </line>
            <line>
              <![CDATA[Switch to the Synopsis frame.]]>
            </line>
            <line>
              <![CDATA[Enter a randomized text string into the 'Body' text area.]]>
            </line>
            <line>
              <![CDATA[Switch to the active frame titled 'Create TV Show dialog'.]]>
            </line>
            <line>
              <![CDATA[Click the Logo 'Select' button.]]>
            </line>
            <line>
              <![CDATA[Switch to the select file frame.]]>
            </line>
            <line>
              <![CDATA[Enter the file path for file upload.]]>
            </line>
            <line>
              <![CDATA[Click the 'Upload' button.]]>
            </line>
            <line>
              <![CDATA[Wait for the file link to be visible after upload.]]>
            </line>
            <line>
              <![CDATA[Click the 'Next' button.]]>
            </line>
            <line>
              <![CDATA[Click the 'Public Local Files' radio button.]]>
            </line>
            <line>
              <![CDATA[Click the 'Next' button.]]>
            </line>
            <line>
              <![CDATA[Verify the file image 'HanSolo' is present.]]>
            </line>
            <line>
              <![CDATA[Verify the img is loaded and visible.]]>
            </line>
            <line>
              <![CDATA[Click the 'Save' button.]]>
            </line>
            <line>
              <![CDATA[Switch to the active frame titled 'Create TV Show dialog'.]]>
            </line>
            <line>
              <![CDATA[Click the Cover Media 'Select' button.]]>
            </line>
            <line>
              <![CDATA[Switch to the select file frame.]]>
            </line>
            <line>
              <![CDATA[Enter the file path for file upload.]]>
            </line>
            <line>
              <![CDATA[Click the 'Upload' button.]]>
            </line>
            <line>
              <![CDATA[Wait for the file link to be visible after upload.]]>
            </line>
            <line>
              <![CDATA[Click the 'Next' button.]]>
            </line>
            <line>
              <![CDATA[Click the 'Public Local Files' radio button.]]>
            </line>
            <line>
              <![CDATA[Click the 'Next' button.]]>
            </line>
            <line>
              <![CDATA[Verify the file image 'HanSolo' is present.]]>
            </line>
            <line>
              <![CDATA[Verify the img is loaded and visible.]]>
            </line>
            <line>
              <![CDATA[Click the 'Save' button.]]>
            </line>
            <line>
              <![CDATA[Switch to the active frame titled 'Create TV Show dialog'.]]>
            </line>
            <line>
              <![CDATA[Click the Banner 'Select' button.]]>
            </line>
            <line>
              <![CDATA[Switch to the select file frame.]]>
            </line>
            <line>
              <![CDATA[Enter the file path for file upload.]]>
            </line>
            <line>
              <![CDATA[Click the 'Upload' button.]]>
            </line>
            <line>
              <![CDATA[Wait for the file link to be visible after upload.]]>
            </line>
            <line>
              <![CDATA[Click the 'Next' button.]]>
            </line>
            <line>
              <![CDATA[Click the 'Public Local Files' radio button.]]>
            </line>
            <line>
              <![CDATA[Click the 'Next' button.]]>
            </line>
            <line>
              <![CDATA[Verify the file image 'HanSolo' is present.]]>
            </line>
            <line>
              <![CDATA[Verify the img is loaded and visible.]]>
            </line>
            <line>
              <![CDATA[Click the 'Save' button.]]>
            </line>
            <line>
              <![CDATA[Switch to the active frame titled 'Create TV Show dialog'.]]>
            </line>
            <line>
              <![CDATA[Scroll the 'Publishing Options' link into view.]]>
            </line>
            <line>
              <![CDATA[Click the 'Publishing Options' link.]]>
            </line>
            <line>
              <![CDATA[Select 'Draft' from the 'Moderation State' drop down list.]]>
            </line>
            <line>
              <![CDATA[Click the 'Save' button.]]>
            </line>
            <line>
              <![CDATA[Verify success message of 'TV Show a9a9fbcdf71b4e7 has been created.' is present.]]>
            </line>
            <line>
              <![CDATA[Verify there are no errors present.]]>
            </line>
            <line>
              <![CDATA[Mouse over the 'Content' menu link.]]>
            </line>
            <line>
              <![CDATA[Mouse over the 'Add content' menu link.]]>
            </line>
            <line>
              <![CDATA[Click the 'TV Season' menu link.]]>
            </line>
            <line>
              <![CDATA[Switch to the active frame titled 'Create TV Season dialog'.]]>
            </line>
            <line>
              <![CDATA[Scroll to and click the 'Basic Information' tab.]]>
            </line>
            <line>
              <![CDATA[Enter 'bfcf3e5519d0461' in the 'Title' text box.]]>
            </line>
            <line>
              <![CDATA[Enter '1' in the 'Season Number' text box.]]>
            </line>
            <line>
              <![CDATA[Switch to the Synopsis frame.]]>
            </line>
            <line>
              <![CDATA[Enter a randomized text string into the 'Body' text area.]]>
            </line>
            <line>
              <![CDATA[Switch to the active frame titled 'Create TV Season dialog'.]]>
            </line>
            <line>
              <![CDATA[Click the 'Cover' select button.]]>
            </line>
            <line>
              <![CDATA[Switch to the select file frame.]]>
            </line>
            <line>
              <![CDATA[Enter the file path for file upload.]]>
            </line>
            <line>
              <![CDATA[Click the 'Upload' button.]]>
            </line>
            <line>
              <![CDATA[Wait for the file link to be visible after upload.]]>
            </line>
            <line>
              <![CDATA[Click the 'Next' button.]]>
            </line>
            <line>
              <![CDATA[Click the 'Public Local Files' radio button.]]>
            </line>
            <line>
              <![CDATA[Click the 'Next' button.]]>
            </line>
            <line>
              <![CDATA[Verify the file image 'HanSolo' is present.]]>
            </line>
            <line>
              <![CDATA[Verify the img is loaded and visible.]]>
            </line>
            <line>
              <![CDATA[Click the 'Save' button.]]>
            </line>
            <line>
              <![CDATA[Switch to the active frame titled 'Create TV Season dialog'.]]>
            </line>
            <line>
              <![CDATA[Scroll the 'Publishing Options' link into view.]]>
            </line>
            <line>
              <![CDATA[Click the 'Publishing Options' link.]]>
            </line>
            <line>
              <![CDATA[Select 'Draft' from the 'Moderation State' drop down list.]]>
            </line>
            <line>
              <![CDATA[Click the 'Relationships' link.]]>
            </line>
            <line>
              <![CDATA[Select 'a9a9fbcdf71b4e7' from the 'Show' drop down list.]]>
            </line>
            <line>
              <![CDATA[Click the 'Save' button.]]>
            </line>
            <line>
              <![CDATA[Verify success message of 'TV Season bfcf3e5519d0461 has been created.' is present.]]>
            </line>
            <line>
              <![CDATA[Verify there are no errors present.]]>
            </line>
            <line>
              <![CDATA[Mouse over the 'Content' menu link.]]>
            </line>
            <line>
              <![CDATA[Mouse over the 'Add content' menu link.]]>
            </line>
            <line>
              <![CDATA[Click the 'TV Episode' menu link.]]>
            </line>
            <line>
              <![CDATA[Switch to the active frame titled 'Create TV Episode dialog'.]]>
            </line>
            <line>
              <![CDATA[Scroll to and click the 'Basic Information' tab.]]>
            </line>
            <line>
              <![CDATA[Enter '714c8dbea469496' in the 'Title' text box.]]>
            </line>
            <line>
              <![CDATA[Enter '1' in the 'Episode Number' text box.]]>
            </line>
            <line>
              <![CDATA[Switch to the Synopsis frame.]]>
            </line>
            <line>
              <![CDATA[Enter a randomized text string into the 'Body' text area.]]>
            </line>
            <line>
              <![CDATA[Switch to the active frame titled 'Create TV Episode dialog'.]]>
            </line>
            <line>
              <![CDATA[Scroll the 'Publishing Options' link into view.]]>
            </line>
            <line>
              <![CDATA[Click the 'Publishing Options' link.]]>
            </line>
            <line>
              <![CDATA[Select 'Draft' from the 'Moderation State' drop down list.]]>
            </line>
            <line>
              <![CDATA[Click the 'Relationships' link.]]>
            </line>
            <line>
              <![CDATA[Select 'a9a9fbcdf71b4e7' from the 'Show' drop down list.]]>
            </line>
            <line>
              <![CDATA[Select 'bfcf3e5519d0461' from the 'Season' drop down list.]]>
            </line>
            <line>
              <![CDATA[Click the 'Save' button.]]>
            </line>
            <line>
              <![CDATA[Verify success message of 'TV Episode 714c8dbea469496 has been created.' is present.]]>
            </line>
            <line>
              <![CDATA[Verify there are no errors present.]]>
            </line>
            <line>
              <![CDATA[Mouse over the 'Content' menu link.]]>
            </line>
            <line>
              <![CDATA[Mouse over the 'Add content' menu link.]]>
            </line>
            <line>
              <![CDATA[Click the 'Movie' menu link.]]>
            </line>
            <line>
              <![CDATA[Switch to the active frame titled 'Create Movie dialog'.]]>
            </line>
            <line>
              <![CDATA[Scroll to and click the 'Basic Information' tab.]]>
            </line>
            <line>
              <![CDATA[Enter 'b8bf387bee0b42f' in the 'Title' text box.]]>
            </line>
            <line>
              <![CDATA[Switch to the Synopsis frame.]]>
            </line>
            <line>
              <![CDATA[Enter a randomized text string into the 'Body' text area.]]>
            </line>
            <line>
              <![CDATA[Switch to the active frame titled 'Create Movie dialog'.]]>
            </line>
            <line>
              <![CDATA[Click the 'Cover' select button.]]>
            </line>
            <line>
              <![CDATA[Switch to the select file frame.]]>
            </line>
            <line>
              <![CDATA[Enter the file path for file upload.]]>
            </line>
            <line>
              <![CDATA[Click the 'Upload' button.]]>
            </line>
            <line>
              <![CDATA[Wait for the file link to be visible after upload.]]>
            </line>
            <line>
              <![CDATA[Click the 'Next' button.]]>
            </line>
            <line>
              <![CDATA[Click the 'Public Local Files' radio button.]]>
            </line>
            <line>
              <![CDATA[Click the 'Next' button.]]>
            </line>
            <line>
              <![CDATA[Verify the file image 'HanSolo' is present.]]>
            </line>
            <line>
              <![CDATA[Verify the img is loaded and visible.]]>
            </line>
            <line>
              <![CDATA[Click the 'Save' button.]]>
            </line>
            <line>
              <![CDATA[Switch to the active frame titled 'Create Movie dialog'.]]>
            </line>
            <line>
              <![CDATA[Scroll the 'Publishing Options' link into view.]]>
            </line>
            <line>
              <![CDATA[Click the 'Publishing Options' link.]]>
            </line>
            <line>
              <![CDATA[Select 'Draft' from the 'Moderation State' drop down list.]]>
            </line>
            <line>
              <![CDATA[Click the 'Save' button.]]>
            </line>
            <line>
              <![CDATA[Verify success message of 'Movie b8bf387bee0b42f has been created.' is present.]]>
            </line>
            <line>
              <![CDATA[Verify there are no errors present.]]>
            </line>
            <line>
              <![CDATA[Mouse over the 'Content' menu link.]]>
            </line>
            <line>
              <![CDATA[Mouse over the 'Add content' menu link.]]>
            </line>
            <line>
              <![CDATA[Click the 'Character Profile' menu link.]]>
            </line>
            <line>
              <![CDATA[Switch to the active frame titled 'Create Character Profile dialog'.]]>
            </line>
            <line>
              <![CDATA[Enter '11d867adecef4e6' in the 'Character First Name' text box.]]>
            </line>
            <line>
              <![CDATA[Click the Cover Photo 'Select' button.]]>
            </line>
            <line>
              <![CDATA[Switch to the select file frame.]]>
            </line>
            <line>
              <![CDATA[Enter the file path for file upload.]]>
            </line>
            <line>
              <![CDATA[Click the 'Upload' button.]]>
            </line>
            <line>
              <![CDATA[Wait for the file link to be visible after upload.]]>
            </line>
            <line>
              <![CDATA[Click the 'Next' button.]]>
            </line>
            <line>
              <![CDATA[Click the 'Public Local Files' radio button.]]>
            </line>
            <line>
              <![CDATA[Click the 'Next' button.]]>
            </line>
            <line>
              <![CDATA[Verify the file image 'HanSolo' is present.]]>
            </line>
            <line>
              <![CDATA[Verify the img is loaded and visible.]]>
            </line>
            <line>
              <![CDATA[Click the 'Save' button.]]>
            </line>
            <line>
              <![CDATA[Switch to the active frame titled 'Create Character Profile dialog'.]]>
            </line>
            <line>
              <![CDATA[Assert that img source of the Cover Photo contains 'HanSolo'.]]>
            </line>
            <line>
              <![CDATA[Assert the the img is loaded and visible.]]>
            </line>
            <line>
              <![CDATA[Scroll the 'Publishing Options' link into view.]]>
            </line>
            <line>
              <![CDATA[Click the 'Publishing Options' link.]]>
            </line>
            <line>
              <![CDATA[Select 'Draft' from the 'Moderation State' drop down list.]]>
            </line>
            <line>
              <![CDATA[Click the 'Relationships' link.]]>
            </line>
            <line>
              <![CDATA[Select 'a9a9fbcdf71b4e7' from the 'Show' drop down list.]]>
            </line>
            <line>
              <![CDATA[Click the 'Relationships' link.]]>
            </line>
            <line>
              <![CDATA[Select 'b8bf387bee0b42f' from the 'Movie' drop down list.]]>
            </line>
            <line>
              <![CDATA[Click the 'Save' button.]]>
            </line>
            <line>
              <![CDATA[Verify success message of 'Character Profile 11d867adecef4e6 has been created.' is present.]]>
            </line>
            <line>
              <![CDATA[Verify there are no errors present.]]>
            </line>
          </reporter-output>
        </test-method> <!-- AddAbilityRelateShowSeasonEpisodeSpecifiableContentTypes_Test -->
        <test-method status="PASS" signature="stopSelenium(org.testng.ITestResult)[pri:0, instance:com.nbcuni.test.publisher.tests.ContentEntityCreationManagement.ContentandEntityRelationships.AddAbilityRelateShowSeasonEpisodeSpecifiableContentTypes@1201fd18]" name="stopSelenium" is-config="true" duration-ms="572" started-at="2014-03-20T19:06:26Z" finished-at="2014-03-20T19:06:27Z">
          <params>
            <param index="0">
              <value>
                <![CDATA[[TestResult name=AddAbilityRelateShowSeasonEpisodeSpecifiableContentTypes_Test status=SUCCESS method=AddAbilityRelateShowSeasonEpisodeSpecifiableContentTypes.AddAbilityRelateShowSeasonEpisodeSpecifiableContentTypes_Test()[pri:0, instance:com.nbcuni.test.publisher.tests.ContentEntityCreationManagement.ContentandEntityRelationships.AddAbilityRelateShowSeasonEpisodeSpecifiableContentTypes@1201fd18] output=Open url 'http://qa5.qa.nbcupublisher7.publisher7.com'.]]]>
              </value>
            </param>
          </params>
          <reporter-output>
          </reporter-output>
        </test-method> <!-- stopSelenium -->
      </class> <!-- com.nbcuni.test.publisher.tests.ContentEntityCreationManagement.ContentandEntityRelationships.AddAbilityRelateShowSeasonEpisodeSpecifiableContentTypes -->
    </test> <!-- Default test -->
  </suite> <!-- Default suite -->
</testng-results>
