<?xml version="1.0" encoding="UTF-8"?>
<testng-results skipped="0" failed="0" total="1" passed="1">
  <reporter-output>
    <line>
      <![CDATA[Open url 'http://qa5.qa.nbcupublisher7.publisher7.com'.]]>
    </line>
    <line>
      <![CDATA[Enter the user's email address in the 'Email Address' text box.]]>
    </line>
    <line>
      <![CDATA[Enter the user's password in the 'Password' text box.]]>
    </line>
    <line>
      <![CDATA[Click the 'Login' button.]]>
    </line>
    <line>
      <![CDATA[Click the 'Modules' menu link.]]>
    </line>
    <line>
      <![CDATA[Switch to the active frame titled 'Modules dialog'.]]>
    </line>
    <line>
      <![CDATA[Enter 'Program Guide' in the 'Filter Name' text box.]]>
    </line>
    <line>
      <![CDATA[Wait for the module titled 'Program Guide' to appear in the list.]]>
    </line>
    <line>
      <![CDATA[Verify the 'Program Guide' check box is checked.]]>
    </line>
    <line>
      <![CDATA[Enter 'Program Guide Example' in the 'Filter Name' text box.]]>
    </line>
    <line>
      <![CDATA[Wait for the module titled 'Program Guide Example' to appear in the list.]]>
    </line>
    <line>
      <![CDATA[Verify the 'Program Guide Example' check box is checked.]]>
    </line>
    <line>
      <![CDATA[Click the 'Close Overlay X'.]]>
    </line>
    <line>
      <![CDATA[Mouse over the 'Structure' menu link.]]>
    </line>
    <line>
      <![CDATA[Click the 'Blocks' menu link.]]>
    </line>
    <line>
      <![CDATA[Switch to the active frame titled 'Blocks dialog'.]]>
    </line>
    <line>
      <![CDATA[Select the block name 'Program Guide' from the 'Content' drop down list.]]>
    </line>
    <line>
      <![CDATA[Click the 'Save Blocks' button.]]>
    </line>
    <line>
      <![CDATA[Switch to the active frame titled 'Blocks dialog'.]]>
    </line>
    <line>
      <![CDATA[Verify success message of 'The block settings have been updated.' is present.]]>
    </line>
    <line>
      <![CDATA[Verify there are no errors present.]]>
    </line>
    <line>
      <![CDATA[Assert that the selected block 'Program Guide' contains the 'Content' text.]]>
    </line>
    <line>
      <![CDATA[Click the 'Close Overlay X'.]]>
    </line>
    <line>
      <![CDATA[Mouse over the 'Configuration' menu link.]]>
    </line>
    <line>
      <![CDATA[Mouse over the 'Web services' menu link.]]>
    </line>
    <line>
      <![CDATA[Click the 'Program Guide' menu link.]]>
    </line>
    <line>
      <![CDATA[Switch to the active frame titled 'Program Guide dialog'.]]>
    </line>
    <line>
      <![CDATA[Enter 'http://feed.entertainment.tv.theplatform.com/f/dCK2IC/stage_usa_listing?range=1-*&form=json' in the 'Data URL' text box.]]>
    </line>
    <line>
      <![CDATA[Click the 'Save Configuration' button.]]>
    </line>
    <line>
      <![CDATA[Verify success message of 'The configuration options have been saved.' is present.]]>
    </line>
    <line>
      <![CDATA[Verify there are no errors present.]]>
    </line>
    <line>
      <![CDATA[Click the 'Close Overlay X'.]]>
    </line>
    <line>
      <![CDATA[Verify home page program guide contains text 'Program Guide'.]]>
    </line>
    <line>
      <![CDATA[Verify column headers present of 'Date', 'Show', and 'Information'.]]>
    </line>
    <line>
      <![CDATA[Switch to the active frame titled 'Status report dialog'.]]>
    </line>
    <line>
      <![CDATA[Verify Cron Status contains data url 'http://feed.entertainment.tv.theplatform.com/f/dCK2IC/stage_usa_listing?range=1-*&form=json'.]]>
    </line>
    <line>
      <![CDATA[Click the 'Close Overlay X'.]]>
    </line>
    <line>
      <![CDATA[Verify home page program guide contains text 'Program Guide'.]]>
    </line>
    <line>
      <![CDATA[Verify column headers present of 'Date', 'Show', and 'Information'.]]>
    </line>
    <line>
      <![CDATA[Verify that there is at least one show in the program guide table.]]>
    </line>
    <line>
      <![CDATA[Mouse over the 'Structure' menu link.]]>
    </line>
    <line>
      <![CDATA[Click the 'Blocks' menu link.]]>
    </line>
    <line>
      <![CDATA[Switch to the active frame titled 'Blocks dialog'.]]>
    </line>
    <line>
      <![CDATA[Select the block name 'Program Guide' from the '- None -' drop down list.]]>
    </line>
    <line>
      <![CDATA[Click the 'Save Blocks' button.]]>
    </line>
  </reporter-output>
  <suite name="Default suite" duration-ms="90270" started-at="2014-04-02T17:24:49Z" finished-at="2014-04-02T17:26:19Z">
    <groups>
      <group name="full">
        <method signature="ProgramGuideVerification.ProgramGuideVerification_Test()[pri:0, instance:com.nbcuni.test.publisher.tests.ContentEntityCreationManagement.ProgramGuides.ROVITVSchedule.ProgramGuideVerification@4e61bc49]" name="ProgramGuideVerification_Test" class="com.nbcuni.test.publisher.tests.ContentEntityCreationManagement.ProgramGuides.ROVITVSchedule.ProgramGuideVerification"/>
      </group> <!-- full -->
    </groups>
    <test name="Default test" duration-ms="90270" started-at="2014-04-02T17:24:49Z" finished-at="2014-04-02T17:26:19Z">
      <class name="com.nbcuni.test.publisher.tests.ContentEntityCreationManagement.ProgramGuides.ROVITVSchedule.ProgramGuideVerification">
        <test-method status="PASS" signature="startGridAndHub()[pri:0, instance:com.nbcuni.test.publisher.tests.ContentEntityCreationManagement.ProgramGuides.ROVITVSchedule.ProgramGuideVerification@4e61bc49]" name="startGridAndHub" is-config="true" duration-ms="12179" started-at="2014-04-02T13:24:37Z" finished-at="2014-04-02T13:24:49Z">
          <reporter-output>
          </reporter-output>
        </test-method> <!-- startGridAndHub -->
        <test-method status="PASS" signature="startSelenium()[pri:0, instance:com.nbcuni.test.publisher.tests.ContentEntityCreationManagement.ProgramGuides.ROVITVSchedule.ProgramGuideVerification@4e61bc49]" name="startSelenium" is-config="true" duration-ms="2247" started-at="2014-04-02T13:24:49Z" finished-at="2014-04-02T13:24:51Z">
          <reporter-output>
          </reporter-output>
        </test-method> <!-- startSelenium -->
        <test-method status="PASS" signature="ProgramGuideVerification_Test()[pri:0, instance:com.nbcuni.test.publisher.tests.ContentEntityCreationManagement.ProgramGuides.ROVITVSchedule.ProgramGuideVerification@4e61bc49]" name="ProgramGuideVerification_Test" duration-ms="87442" started-at="2014-04-02T13:24:51Z" finished-at="2014-04-02T13:26:18Z">
          <reporter-output>
            <line>
              <![CDATA[Open url 'http://qa5.qa.nbcupublisher7.publisher7.com'.]]>
            </line>
            <line>
              <![CDATA[Enter the user's email address in the 'Email Address' text box.]]>
            </line>
            <line>
              <![CDATA[Enter the user's password in the 'Password' text box.]]>
            </line>
            <line>
              <![CDATA[Click the 'Login' button.]]>
            </line>
            <line>
              <![CDATA[Click the 'Modules' menu link.]]>
            </line>
            <line>
              <![CDATA[Switch to the active frame titled 'Modules dialog'.]]>
            </line>
            <line>
              <![CDATA[Enter 'Program Guide' in the 'Filter Name' text box.]]>
            </line>
            <line>
              <![CDATA[Wait for the module titled 'Program Guide' to appear in the list.]]>
            </line>
            <line>
              <![CDATA[Verify the 'Program Guide' check box is checked.]]>
            </line>
            <line>
              <![CDATA[Enter 'Program Guide Example' in the 'Filter Name' text box.]]>
            </line>
            <line>
              <![CDATA[Wait for the module titled 'Program Guide Example' to appear in the list.]]>
            </line>
            <line>
              <![CDATA[Verify the 'Program Guide Example' check box is checked.]]>
            </line>
            <line>
              <![CDATA[Click the 'Close Overlay X'.]]>
            </line>
            <line>
              <![CDATA[Mouse over the 'Structure' menu link.]]>
            </line>
            <line>
              <![CDATA[Click the 'Blocks' menu link.]]>
            </line>
            <line>
              <![CDATA[Switch to the active frame titled 'Blocks dialog'.]]>
            </line>
            <line>
              <![CDATA[Select the block name 'Program Guide' from the 'Content' drop down list.]]>
            </line>
            <line>
              <![CDATA[Click the 'Save Blocks' button.]]>
            </line>
            <line>
              <![CDATA[Switch to the active frame titled 'Blocks dialog'.]]>
            </line>
            <line>
              <![CDATA[Verify success message of 'The block settings have been updated.' is present.]]>
            </line>
            <line>
              <![CDATA[Verify there are no errors present.]]>
            </line>
            <line>
              <![CDATA[Assert that the selected block 'Program Guide' contains the 'Content' text.]]>
            </line>
            <line>
              <![CDATA[Click the 'Close Overlay X'.]]>
            </line>
            <line>
              <![CDATA[Mouse over the 'Configuration' menu link.]]>
            </line>
            <line>
              <![CDATA[Mouse over the 'Web services' menu link.]]>
            </line>
            <line>
              <![CDATA[Click the 'Program Guide' menu link.]]>
            </line>
            <line>
              <![CDATA[Switch to the active frame titled 'Program Guide dialog'.]]>
            </line>
            <line>
              <![CDATA[Enter 'http://feed.entertainment.tv.theplatform.com/f/dCK2IC/stage_usa_listing?range=1-*&form=json' in the 'Data URL' text box.]]>
            </line>
            <line>
              <![CDATA[Click the 'Save Configuration' button.]]>
            </line>
            <line>
              <![CDATA[Verify success message of 'The configuration options have been saved.' is present.]]>
            </line>
            <line>
              <![CDATA[Verify there are no errors present.]]>
            </line>
            <line>
              <![CDATA[Click the 'Close Overlay X'.]]>
            </line>
            <line>
              <![CDATA[Verify home page program guide contains text 'Program Guide'.]]>
            </line>
            <line>
              <![CDATA[Verify column headers present of 'Date', 'Show', and 'Information'.]]>
            </line>
            <line>
              <![CDATA[Switch to the active frame titled 'Status report dialog'.]]>
            </line>
            <line>
              <![CDATA[Verify Cron Status contains data url 'http://feed.entertainment.tv.theplatform.com/f/dCK2IC/stage_usa_listing?range=1-*&form=json'.]]>
            </line>
            <line>
              <![CDATA[Click the 'Close Overlay X'.]]>
            </line>
            <line>
              <![CDATA[Verify home page program guide contains text 'Program Guide'.]]>
            </line>
            <line>
              <![CDATA[Verify column headers present of 'Date', 'Show', and 'Information'.]]>
            </line>
            <line>
              <![CDATA[Verify that there is at least one show in the program guide table.]]>
            </line>
            <line>
              <![CDATA[Mouse over the 'Structure' menu link.]]>
            </line>
            <line>
              <![CDATA[Click the 'Blocks' menu link.]]>
            </line>
            <line>
              <![CDATA[Switch to the active frame titled 'Blocks dialog'.]]>
            </line>
            <line>
              <![CDATA[Select the block name 'Program Guide' from the '- None -' drop down list.]]>
            </line>
            <line>
              <![CDATA[Click the 'Save Blocks' button.]]>
            </line>
          </reporter-output>
        </test-method> <!-- ProgramGuideVerification_Test -->
        <test-method status="PASS" signature="stopSelenium(org.testng.ITestResult)[pri:0, instance:com.nbcuni.test.publisher.tests.ContentEntityCreationManagement.ProgramGuides.ROVITVSchedule.ProgramGuideVerification@4e61bc49]" name="stopSelenium" is-config="true" duration-ms="570" started-at="2014-04-02T13:26:18Z" finished-at="2014-04-02T13:26:19Z">
          <params>
            <param index="0">
              <value>
                <![CDATA[[TestResult name=ProgramGuideVerification_Test status=SUCCESS method=ProgramGuideVerification.ProgramGuideVerification_Test()[pri:0, instance:com.nbcuni.test.publisher.tests.ContentEntityCreationManagement.ProgramGuides.ROVITVSchedule.ProgramGuideVerification@4e61bc49] output=Open url 'http://qa5.qa.nbcupublisher7.publisher7.com'.]]]>
              </value>
            </param>
          </params>
          <reporter-output>
          </reporter-output>
        </test-method> <!-- stopSelenium -->
        <test-method status="PASS" signature="stopGridAndHub()[pri:0, instance:com.nbcuni.test.publisher.tests.ContentEntityCreationManagement.ProgramGuides.ROVITVSchedule.ProgramGuideVerification@4e61bc49]" name="stopGridAndHub" is-config="true" duration-ms="355" started-at="2014-04-02T13:26:19Z" finished-at="2014-04-02T13:26:19Z">
          <reporter-output>
          </reporter-output>
        </test-method> <!-- stopGridAndHub -->
      </class> <!-- com.nbcuni.test.publisher.tests.ContentEntityCreationManagement.ProgramGuides.ROVITVSchedule.ProgramGuideVerification -->
    </test> <!-- Default test -->
  </suite> <!-- Default suite -->
</testng-results>
