<?xml version="1.0" encoding="UTF-8"?>
<!-- Generated by org.testng.reporters.JUnitXMLReporter -->
<testsuite hostname="BACLARK77-MAC1.local" name="All Web Tests(failed)" tests="2" failures="1" timestamp="30 Jan 2014 20:07:35 GMT" time="552.671" errors="0">
  <testcase name="MPXVideosSchedulingVerificationScheduling_Test" time="523.607" classname="com.nbcuni.test.publisher.tests.Video.ScheduleMPXVideos.MPXVideosSchedulingVerificationScheduling"/>
  <testcase name="MultipleMPXAccountsPerLoginVerification_Test" time="12.712" classname="com.nbcuni.test.publisher.tests.Video.MPXConfigurationP7.AllowSitesToConfigureMultipleMPXAccounts.MultipleMPXAccountsPerLoginVerification">
    <failure type="java.lang.AssertionError" message="expected [true] but found [false]">
      <![CDATA[java.lang.AssertionError: expected [true] but found [false]
	at com.nbcuni.test.publisher.pageobjects.MPX.Settings.VerifyImportAccountOptions(Settings.java:149)
	at com.nbcuni.test.publisher.tests.Video.MPXConfigurationP7.AllowSitesToConfigureMultipleMPXAccounts.MultipleMPXAccountsPerLoginVerification.MultipleMPXAccountsPerLoginVerification_Test(MultipleMPXAccountsPerLoginVerification.java:78)
	at java.util.concurrent.ThreadPoolExecutor$Worker.runTask(ThreadPoolExecutor.java:895)
	at java.util.concurrent.ThreadPoolExecutor$Worker.run(ThreadPoolExecutor.java:918)
	at java.lang.Thread.run(Thread.java:695)
... Removed 14 stack frames]]>
    </failure>
  </testcase> <!-- MultipleMPXAccountsPerLoginVerification_Test -->
</testsuite> <!-- All Web Tests(failed) -->
