<?xml version="1.0" encoding="UTF-8"?>
<!-- Generated by org.testng.reporters.JUnitXMLReporter -->
<testsuite hostname="baclark77-mac1.home" name="All Web Tests(failed)" tests="4" failures="3" timestamp="17 Jan 2014 22:04:59 GMT" time="281.84" errors="0">
  <testcase name="MPXPlayersSyncVerification" time="39.009" classname="com.nbcuni.test.publisher.tests.Video.MPXConfigurationP7.AllowSitesToConfigureMultipleMPXAccounts.MPXPlayersSyncVerification">
    <failure type="java.lang.AssertionError" message="expected [40] but found [41]">
      <![CDATA[java.lang.AssertionError: expected [40] but found [41]
	at com.nbcuni.test.publisher.pageobjects.MPX.MPXMedia.VerifyImportAccountPlayerOptions(MPXMedia.java:100)
	at com.nbcuni.test.publisher.tests.Video.MPXConfigurationP7.AllowSitesToConfigureMultipleMPXAccounts.MPXPlayersSyncVerification.MPXPlayersSyncVerification(MPXPlayersSyncVerification.java:146)
	at java.util.concurrent.ThreadPoolExecutor$Worker.runTask(ThreadPoolExecutor.java:895)
	at java.util.concurrent.ThreadPoolExecutor$Worker.run(ThreadPoolExecutor.java:918)
	at java.lang.Thread.run(Thread.java:695)
... Removed 15 stack frames]]>
    </failure>
  </testcase> <!-- MPXPlayersSyncVerification -->
  <testcase name="TestingFacebookAutopublishing" time="30.256" classname="com.nbcuni.test.publisher.tests.SocialIntegration.Facebook.TestingFacebookAutopublishing">
    <failure type="org.openqa.selenium.TimeoutException" message="Timed out after 10 seconds waiting for text (&amp;apos;Created facebook application Publisher 7 Test App (5f65dca35e2340c).&amp;apos;) to be present in element found by By.xpath: //div[@class=&amp;apos;messages status&amp;apos;]
Build info: version: &amp;apos;2.35.0&amp;apos;, revision: &amp;apos;8df0c6bedf70ff9f22c647788f9fe9c8d22210e2&amp;apos;, time: &amp;apos;2013-08-17 12:46:41&amp;apos;
System info: os.name: &amp;apos;Mac OS X&amp;apos;, os.arch: &amp;apos;x86_64&amp;apos;, os.version: &amp;apos;10.8.5&amp;apos;, java.version: &amp;apos;1.6.0_65&amp;apos;
Driver info: driver.version: unknown">
      <![CDATA[org.openqa.selenium.TimeoutException: Timed out after 10 seconds waiting for text ('Created facebook application Publisher 7 Test App (5f65dca35e2340c).') to be present in element found by By.xpath: //div[@class='messages status']
Build info: version: '2.35.0', revision: '8df0c6bedf70ff9f22c647788f9fe9c8d22210e2', time: '2013-08-17 12:46:41'
System info: os.name: 'Mac OS X', os.arch: 'x86_64', os.version: '10.8.5', java.version: '1.6.0_65'
Driver info: driver.version: unknown
	at org.openqa.selenium.support.ui.FluentWait.timeoutException(FluentWait.java:259)
	at org.openqa.selenium.support.ui.FluentWait.until(FluentWait.java:228)
	at com.nbcuni.test.publisher.pageobjects.content.ContentParent.VerifyMessageStatus(ContentParent.java:56)
	at com.nbcuni.test.publisher.tests.SocialIntegration.Facebook.TestingFacebookAutopublishing.TestingFacebookAutopublishing(TestingFacebookAutopublishing.java:73)
	at java.util.concurrent.ThreadPoolExecutor$Worker.runTask(ThreadPoolExecutor.java:895)
	at java.util.concurrent.ThreadPoolExecutor$Worker.run(ThreadPoolExecutor.java:918)
	at java.lang.Thread.run(Thread.java:695)
... Removed 10 stack frames]]>
    </failure>
  </testcase> <!-- TestingFacebookAutopublishing -->
  <testcase name="PixelmanModuleSetupAndVerification" time="182.754" classname="com.nbcuni.test.publisher.tests.Advertising.Comscore.PixelmanModuleSetupAndVerification"/>
  <testcase name="UndefinedIndexesDisplayingForMPXPlayers" time="7.614" classname="com.nbcuni.test.publisher.tests.Video.UndefinedIndexesDisplayingForMPXPlayers.UndefinedIndexesDisplayingForMPXPlayers">
    <failure type="org.sikuli.script.FindFailed" message="can not find /Users/brandonclark/SQE-TEST-Pub7/main/src/test/java/com/nbcuni/test/publisher/lib/sikuli/images/Login/UserName_Txb.png on the screen.">
      <![CDATA[FindFailed: can not find /Users/brandonclark/SQE-TEST-Pub7/main/src/test/java/com/nbcuni/test/publisher/lib/sikuli/images/Login/UserName_Txb.png on the screen.
Line ?, in File ?
	at org.sikuli.script.Region.handleFindFailed(Region.java:421)
	at org.sikuli.script.Region.wait(Region.java:512)
	at org.sikuli.script.Region.find(Region.java:382)
	at org.sikuli.script.Region.getLocationFromPSRML(Region.java:1134)
	at org.sikuli.script.Region.doubleClick(Region.java:636)
	at org.sikuli.script.Region.doubleClick(Region.java:623)
	at com.nbcuni.test.publisher.pageobjects.MPX.MPXLogin.Login(MPXLogin.java:56)
	at com.nbcuni.test.publisher.tests.Video.UndefinedIndexesDisplayingForMPXPlayers.UndefinedIndexesDisplayingForMPXPlayers.UndefinedIndexesDisplayingForMPXPlayers(UndefinedIndexesDisplayingForMPXPlayers.java:57)
	at java.util.concurrent.ThreadPoolExecutor$Worker.runTask(ThreadPoolExecutor.java:895)
	at java.util.concurrent.ThreadPoolExecutor$Worker.run(ThreadPoolExecutor.java:918)
	at java.lang.Thread.run(Thread.java:695)
... Removed 10 stack frames]]>
    </failure>
  </testcase> <!-- UndefinedIndexesDisplayingForMPXPlayers -->
</testsuite> <!-- All Web Tests(failed) -->
