<?xml version="1.0" encoding="UTF-8"?>
<!-- Generated by org.testng.reporters.JUnitXMLReporter -->
<testsuite hostname="BACLARK77-MAC1.local" name="Default test" tests="1" failures="0" timestamp="10 Oct 2014 19:17:11 GMT" time="219.392" errors="0">
  <testcase name="SchedulingContentPublishUnpublished_TC2159" time="215.601" classname="com.nbcuni.test.publisher.tests.ContentEntityCreationManagement.ContentandEntityManagement.ContentandEntityScheduling.SchedulingContentPublishUnpublished"/>
</testsuite> <!-- Default test -->
