<?xml version="1.0" encoding="UTF-8"?>
<!-- Generated by org.testng.reporters.JUnitXMLReporter -->
<testsuite hostname="new-host.home" name="All Concurrent Web Tests" tests="2" failures="2" timestamp="12 Jun 2014 22:59:59 GMT" time="150.6" errors="0">
  <testcase name="CreateCharacterProfile_TC1041" time="65.167" classname="com.nbcuni.test.publisher.tests.ContentEntityCreationManagement.ContentTypesEntities.CharacterProfile.CreateCharacterProfile">
    <failure type="java.lang.AssertionError" message="FAILING TEST HERE.">
      <![CDATA[java.lang.AssertionError: FAILING TEST HERE.
	at com.nbcuni.test.publisher.tests.ContentEntityCreationManagement.ContentTypesEntities.CharacterProfile.CreateCharacterProfile.CreateCharacterProfile_TC1041(CreateCharacterProfile.java:26)
	at java.util.concurrent.ThreadPoolExecutor.runWorker(ThreadPoolExecutor.java:1145)
	at java.util.concurrent.ThreadPoolExecutor$Worker.run(ThreadPoolExecutor.java:615)
	at java.lang.Thread.run(Thread.java:724)
... Removed 11 stack frames]]>
    </failure>
  </testcase> <!-- CreateCharacterProfile_TC1041 -->
  <testcase name="CreateCharacterProfile_TC1041" time="34.283" classname="com.nbcuni.test.publisher.tests.ContentEntityCreationManagement.ContentTypesEntities.CharacterProfile.CreateCharacterProfile">
    <failure type="java.lang.AssertionError" message="FAILING TEST HERE.">
      <![CDATA[java.lang.AssertionError: FAILING TEST HERE.
	at com.nbcuni.test.publisher.tests.ContentEntityCreationManagement.ContentTypesEntities.CharacterProfile.CreateCharacterProfile.CreateCharacterProfile_TC1041(CreateCharacterProfile.java:26)
	at java.util.concurrent.ThreadPoolExecutor.runWorker(ThreadPoolExecutor.java:1145)
	at java.util.concurrent.ThreadPoolExecutor$Worker.run(ThreadPoolExecutor.java:615)
	at java.lang.Thread.run(Thread.java:724)
... Removed 11 stack frames]]>
    </failure>
  </testcase> <!-- CreateCharacterProfile_TC1041 -->
</testsuite> <!-- All Concurrent Web Tests -->
