<?xml version="1.0" encoding="UTF-8"?>
<!-- Generated by org.testng.reporters.JUnitXMLReporter -->
<testsuite hostname="baclark77-mac1.home" name="All Concurrent Web Tests" tests="2" failures="2" timestamp="4 Apr 2014 14:54:03 GMT" time="92.668" errors="0">
  <testcase name="CreateCharacterProfile_Test" time="43.91" classname="com.nbcuni.test.publisher.tests.ContentEntityCreationManagement.ContentTypesEntities.CharacterProfile.CreateCharacterProfile">
    <failure type="org.openqa.selenium.NoSuchElementException" message="no such element
  (Session info: chrome=33.0.1750.152)
  (Driver info: chromedriver=2.8.241036,platform=Mac OS X 10.9.2 x86_64) (WARNING: The server did not provide any stacktrace information)
Command duration or timeout: 30.04 seconds
For documentation on this error, please visit: http://seleniumhq.org/exceptions/no_such_element.html
Build info: version: &amp;apos;2.35.0&amp;apos;, revision: &amp;apos;8df0c6bedf70ff9f22c647788f9fe9c8d22210e2&amp;apos;, time: &amp;apos;2013-08-17 12:46:41&amp;apos;
System info: os.name: &amp;apos;Mac OS X&amp;apos;, os.arch: &amp;apos;x86_64&amp;apos;, os.version: &amp;apos;10.9.2&amp;apos;, java.version: &amp;apos;1.7.0_25&amp;apos;
Session ID: 59fd7e93642bce40ff147b55b391054c
Driver info: org.openqa.selenium.chrome.ChromeDriver
Capabilities [{platform=MAC, acceptSslCerts=true, javascriptEnabled=true, browserName=chrome, chrome={userDataDir=/var/folders/33/xf0ch4pd75qbhlq2gf2s58l40000gn/T/.org.chromium.Chromium.LdmmG8}, rotatable=false, locationContextEnabled=true, version=33.0.1750.152, takesHeapSnapshot=true, cssSelectorsEnabled=true, databaseEnabled=false, handlesAlerts=true, browserConnectionEnabled=false, webStorageEnabled=true, nativeEvents=true, applicationCacheEnabled=false, takesScreenshot=true}]
Command duration or timeout: 30.66 seconds
For documentation on this error, please visit: http://seleniumhq.org/exceptions/no_such_element.html
Build info: version: &amp;apos;2.35.0&amp;apos;, revision: &amp;apos;8df0c6bedf70ff9f22c647788f9fe9c8d22210e2&amp;apos;, time: &amp;apos;2013-08-17 12:46:41&amp;apos;
System info: os.name: &amp;apos;Mac OS X&amp;apos;, os.arch: &amp;apos;x86_64&amp;apos;, os.version: &amp;apos;10.9.2&amp;apos;, java.version: &amp;apos;1.7.0_25&amp;apos;
Session ID: da197d36-99a3-49fc-a971-7d5c3f115b41
Driver info: com.nbcuni.test.publisher.common.Driver.Driver
Capabilities [{platform=MAC, acceptSslCerts=true, javascriptEnabled=true, browserName=chrome, chrome={userDataDir=/var/folders/33/xf0ch4pd75qbhlq2gf2s58l40000gn/T/.org.chromium.Chromium.LdmmG8}, rotatable=false, locationContextEnabled=true, webdriver.remote.sessionid=da197d36-99a3-49fc-a971-7d5c3f115b41, version=33.0.1750.152, takesHeapSnapshot=true, cssSelectorsEnabled=true, databaseEnabled=false, handlesAlerts=true, browserConnectionEnabled=false, webStorageEnabled=true, nativeEvents=true, applicationCacheEnabled=false, takesScreenshot=true}]">
      <![CDATA[org.openqa.selenium.NoSuchElementException: no such element
  (Session info: chrome=33.0.1750.152)
  (Driver info: chromedriver=2.8.241036,platform=Mac OS X 10.9.2 x86_64) (WARNING: The server did not provide any stacktrace information)
Command duration or timeout: 30.04 seconds
For documentation on this error, please visit: http://seleniumhq.org/exceptions/no_such_element.html
Build info: version: '2.35.0', revision: '8df0c6bedf70ff9f22c647788f9fe9c8d22210e2', time: '2013-08-17 12:46:41'
System info: os.name: 'Mac OS X', os.arch: 'x86_64', os.version: '10.9.2', java.version: '1.7.0_25'
Session ID: 59fd7e93642bce40ff147b55b391054c
Driver info: org.openqa.selenium.chrome.ChromeDriver
Capabilities [{platform=MAC, acceptSslCerts=true, javascriptEnabled=true, browserName=chrome, chrome={userDataDir=/var/folders/33/xf0ch4pd75qbhlq2gf2s58l40000gn/T/.org.chromium.Chromium.LdmmG8}, rotatable=false, locationContextEnabled=true, version=33.0.1750.152, takesHeapSnapshot=true, cssSelectorsEnabled=true, databaseEnabled=false, handlesAlerts=true, browserConnectionEnabled=false, webStorageEnabled=true, nativeEvents=true, applicationCacheEnabled=false, takesScreenshot=true}]
Command duration or timeout: 30.66 seconds
For documentation on this error, please visit: http://seleniumhq.org/exceptions/no_such_element.html
Build info: version: '2.35.0', revision: '8df0c6bedf70ff9f22c647788f9fe9c8d22210e2', time: '2013-08-17 12:46:41'
System info: os.name: 'Mac OS X', os.arch: 'x86_64', os.version: '10.9.2', java.version: '1.7.0_25'
Session ID: da197d36-99a3-49fc-a971-7d5c3f115b41
Driver info: com.nbcuni.test.publisher.common.Driver.Driver
Capabilities [{platform=MAC, acceptSslCerts=true, javascriptEnabled=true, browserName=chrome, chrome={userDataDir=/var/folders/33/xf0ch4pd75qbhlq2gf2s58l40000gn/T/.org.chromium.Chromium.LdmmG8}, rotatable=false, locationContextEnabled=true, webdriver.remote.sessionid=da197d36-99a3-49fc-a971-7d5c3f115b41, version=33.0.1750.152, takesHeapSnapshot=true, cssSelectorsEnabled=true, databaseEnabled=false, handlesAlerts=true, browserConnectionEnabled=false, webStorageEnabled=true, nativeEvents=true, applicationCacheEnabled=false, takesScreenshot=true}]
	at org.openqa.selenium.remote.ErrorHandler.createThrowable(ErrorHandler.java:191)
	at org.openqa.selenium.remote.ErrorHandler.throwIfResponseFailed(ErrorHandler.java:145)
	at org.openqa.selenium.remote.RemoteWebDriver.execute(RemoteWebDriver.java:554)
	at org.openqa.selenium.remote.RemoteWebDriver.findElement(RemoteWebDriver.java:307)
	at org.openqa.selenium.remote.RemoteWebDriver.findElementByXPath(RemoteWebDriver.java:404)
	at org.openqa.selenium.By$ByXPath.findElement(By.java:344)
	at org.openqa.selenium.remote.RemoteWebDriver.findElement(RemoteWebDriver.java:299)
	at org.openqa.selenium.support.pagefactory.DefaultElementLocator.findElement(DefaultElementLocator.java:59)
	at org.openqa.selenium.support.pagefactory.internal.LocatingElementHandler.invoke(LocatingElementHandler.java:34)
	at com.sun.proxy.$Proxy12.getText(Unknown Source)
	at com.nbcuni.test.publisher.pageobjects.Content.ContentParent.VerifyMessageStatus(ContentParent.java:88)
	at com.nbcuni.test.publisher.tests.ContentEntityCreationManagement.ContentTypesEntities.CharacterProfile.CreateCharacterProfile.CreateCharacterProfile_Test(CreateCharacterProfile.java:51)
	at java.util.concurrent.ThreadPoolExecutor.runWorker(ThreadPoolExecutor.java:1145)
	at java.util.concurrent.ThreadPoolExecutor$Worker.run(ThreadPoolExecutor.java:615)
	at java.lang.Thread.run(Thread.java:724)
Caused by: org.openqa.selenium.remote.ScreenshotException: Screen shot has been taken
Build info: version: '2.35.0', revision: '8df0c6bedf70ff9f22c647788f9fe9c8d22210e2', time: '2013-08-17 12:46:41'
System info: os.name: 'Mac OS X', os.arch: 'x86_64', os.version: '10.9.2', java.version: '1.7.0_25'
Driver info: driver.version: RemoteWebDriver
	at org.openqa.selenium.remote.ErrorHandler.throwIfResponseFailed(ErrorHandler.java:125)
	... 23 more
Caused by: org.openqa.selenium.NoSuchElementException: no such element
  (Session info: chrome=33.0.1750.152)
  (Driver info: chromedriver=2.8.241036,platform=Mac OS X 10.9.2 x86_64) (WARNING: The server did not provide any stacktrace information)
Command duration or timeout: 30.04 seconds
For documentation on this error, please visit: http://seleniumhq.org/exceptions/no_such_element.html
Build info: version: '2.35.0', revision: '8df0c6bedf70ff9f22c647788f9fe9c8d22210e2', time: '2013-08-17 12:46:41'
System info: os.name: 'Mac OS X', os.arch: 'x86_64', os.version: '10.9.2', java.version: '1.7.0_25'
Session ID: 59fd7e93642bce40ff147b55b391054c
Driver info: org.openqa.selenium.chrome.ChromeDriver
Capabilities [{platform=MAC, acceptSslCerts=true, javascriptEnabled=true, browserName=chrome, chrome={userDataDir=/var/folders/33/xf0ch4pd75qbhlq2gf2s58l40000gn/T/.org.chromium.Chromium.LdmmG8}, rotatable=false, locationContextEnabled=true, version=33.0.1750.152, takesHeapSnapshot=true, cssSelectorsEnabled=true, databaseEnabled=false, handlesAlerts=true, browserConnectionEnabled=false, webStorageEnabled=true, nativeEvents=true, applicationCacheEnabled=false, takesScreenshot=true}]
For documentation on this error, please visit: http://seleniumhq.org/exceptions/no_such_element.html
Build info: version: '2.35.0', revision: '8df0c6bedf70ff9f22c647788f9fe9c8d22210e2', time: '2013-08-17 12:46:41'
System info: os.name: 'Mac OS X', os.arch: 'x86_64', os.version: '10.9.2', java.version: '1.7.0_25'
Driver info: driver.version: EventFiringWebDriver
	at org.openqa.selenium.remote.ErrorHandler.createThrowable(ErrorHandler.java:191)
	at org.openqa.selenium.remote.ErrorHandler.throwIfResponseFailed(ErrorHandler.java:145)
	at org.openqa.selenium.remote.RemoteWebDriver.execute(RemoteWebDriver.java:554)
	at org.openqa.selenium.remote.RemoteWebDriver.findElement(RemoteWebDriver.java:307)
	at org.openqa.selenium.remote.RemoteWebDriver.findElementByXPath(RemoteWebDriver.java:404)
	at org.openqa.selenium.By$ByXPath.findElement(By.java:344)
	at org.openqa.selenium.remote.RemoteWebDriver.findElement(RemoteWebDriver.java:299)
	at org.openqa.selenium.support.events.EventFiringWebDriver$2.invoke(EventFiringWebDriver.java:101)
	at com.sun.proxy.$Proxy10.findElement(Unknown Source)
	at org.openqa.selenium.support.events.EventFiringWebDriver.findElement(EventFiringWebDriver.java:180)
	at org.openqa.selenium.remote.server.handler.FindElement.call(FindElement.java:47)
	at org.openqa.selenium.remote.server.handler.FindElement.call(FindElement.java:33)
	at java.util.concurrent.FutureTask$Sync.innerRun(FutureTask.java:334)
	at java.util.concurrent.FutureTask.run(FutureTask.java:166)
	at org.openqa.selenium.remote.server.DefaultSession$1.run(DefaultSession.java:169)
	... 3 more
... Removed 21 stack frames]]>
    </failure>
  </testcase> <!-- CreateCharacterProfile_Test -->
  <testcase name="CreateCharacterProfile_Test" time="42.962" classname="com.nbcuni.test.publisher.tests.ContentEntityCreationManagement.ContentTypesEntities.CharacterProfile.CreateCharacterProfile">
    <failure type="org.openqa.selenium.NoSuchElementException" message="no such element
  (Session info: chrome=33.0.1750.152)
  (Driver info: chromedriver=2.8.241036,platform=Mac OS X 10.9.2 x86_64) (WARNING: The server did not provide any stacktrace information)
Command duration or timeout: 30.03 seconds
For documentation on this error, please visit: http://seleniumhq.org/exceptions/no_such_element.html
Build info: version: &amp;apos;2.35.0&amp;apos;, revision: &amp;apos;8df0c6bedf70ff9f22c647788f9fe9c8d22210e2&amp;apos;, time: &amp;apos;2013-08-17 12:46:41&amp;apos;
System info: os.name: &amp;apos;Mac OS X&amp;apos;, os.arch: &amp;apos;x86_64&amp;apos;, os.version: &amp;apos;10.9.2&amp;apos;, java.version: &amp;apos;1.7.0_25&amp;apos;
Session ID: 0ea9ed7081035a8fac226ecec499ddf1
Driver info: org.openqa.selenium.chrome.ChromeDriver
Capabilities [{platform=MAC, acceptSslCerts=true, javascriptEnabled=true, browserName=chrome, chrome={userDataDir=/var/folders/33/xf0ch4pd75qbhlq2gf2s58l40000gn/T/.org.chromium.Chromium.6dKVcS}, rotatable=false, locationContextEnabled=true, version=33.0.1750.152, takesHeapSnapshot=true, cssSelectorsEnabled=true, databaseEnabled=false, handlesAlerts=true, browserConnectionEnabled=false, webStorageEnabled=true, nativeEvents=true, applicationCacheEnabled=false, takesScreenshot=true}]
Command duration or timeout: 30.59 seconds
For documentation on this error, please visit: http://seleniumhq.org/exceptions/no_such_element.html
Build info: version: &amp;apos;2.35.0&amp;apos;, revision: &amp;apos;8df0c6bedf70ff9f22c647788f9fe9c8d22210e2&amp;apos;, time: &amp;apos;2013-08-17 12:46:41&amp;apos;
System info: os.name: &amp;apos;Mac OS X&amp;apos;, os.arch: &amp;apos;x86_64&amp;apos;, os.version: &amp;apos;10.9.2&amp;apos;, java.version: &amp;apos;1.7.0_25&amp;apos;
Session ID: e2797107-a64d-4403-aa9b-1ff2a3a7d50a
Driver info: com.nbcuni.test.publisher.common.Driver.Driver
Capabilities [{platform=MAC, acceptSslCerts=true, javascriptEnabled=true, browserName=chrome, chrome={userDataDir=/var/folders/33/xf0ch4pd75qbhlq2gf2s58l40000gn/T/.org.chromium.Chromium.6dKVcS}, rotatable=false, locationContextEnabled=true, webdriver.remote.sessionid=e2797107-a64d-4403-aa9b-1ff2a3a7d50a, version=33.0.1750.152, takesHeapSnapshot=true, cssSelectorsEnabled=true, databaseEnabled=false, handlesAlerts=true, browserConnectionEnabled=false, webStorageEnabled=true, nativeEvents=true, applicationCacheEnabled=false, takesScreenshot=true}]">
      <![CDATA[org.openqa.selenium.NoSuchElementException: no such element
  (Session info: chrome=33.0.1750.152)
  (Driver info: chromedriver=2.8.241036,platform=Mac OS X 10.9.2 x86_64) (WARNING: The server did not provide any stacktrace information)
Command duration or timeout: 30.03 seconds
For documentation on this error, please visit: http://seleniumhq.org/exceptions/no_such_element.html
Build info: version: '2.35.0', revision: '8df0c6bedf70ff9f22c647788f9fe9c8d22210e2', time: '2013-08-17 12:46:41'
System info: os.name: 'Mac OS X', os.arch: 'x86_64', os.version: '10.9.2', java.version: '1.7.0_25'
Session ID: 0ea9ed7081035a8fac226ecec499ddf1
Driver info: org.openqa.selenium.chrome.ChromeDriver
Capabilities [{platform=MAC, acceptSslCerts=true, javascriptEnabled=true, browserName=chrome, chrome={userDataDir=/var/folders/33/xf0ch4pd75qbhlq2gf2s58l40000gn/T/.org.chromium.Chromium.6dKVcS}, rotatable=false, locationContextEnabled=true, version=33.0.1750.152, takesHeapSnapshot=true, cssSelectorsEnabled=true, databaseEnabled=false, handlesAlerts=true, browserConnectionEnabled=false, webStorageEnabled=true, nativeEvents=true, applicationCacheEnabled=false, takesScreenshot=true}]
Command duration or timeout: 30.59 seconds
For documentation on this error, please visit: http://seleniumhq.org/exceptions/no_such_element.html
Build info: version: '2.35.0', revision: '8df0c6bedf70ff9f22c647788f9fe9c8d22210e2', time: '2013-08-17 12:46:41'
System info: os.name: 'Mac OS X', os.arch: 'x86_64', os.version: '10.9.2', java.version: '1.7.0_25'
Session ID: e2797107-a64d-4403-aa9b-1ff2a3a7d50a
Driver info: com.nbcuni.test.publisher.common.Driver.Driver
Capabilities [{platform=MAC, acceptSslCerts=true, javascriptEnabled=true, browserName=chrome, chrome={userDataDir=/var/folders/33/xf0ch4pd75qbhlq2gf2s58l40000gn/T/.org.chromium.Chromium.6dKVcS}, rotatable=false, locationContextEnabled=true, webdriver.remote.sessionid=e2797107-a64d-4403-aa9b-1ff2a3a7d50a, version=33.0.1750.152, takesHeapSnapshot=true, cssSelectorsEnabled=true, databaseEnabled=false, handlesAlerts=true, browserConnectionEnabled=false, webStorageEnabled=true, nativeEvents=true, applicationCacheEnabled=false, takesScreenshot=true}]
	at org.openqa.selenium.remote.ErrorHandler.createThrowable(ErrorHandler.java:191)
	at org.openqa.selenium.remote.ErrorHandler.throwIfResponseFailed(ErrorHandler.java:145)
	at org.openqa.selenium.remote.RemoteWebDriver.execute(RemoteWebDriver.java:554)
	at org.openqa.selenium.remote.RemoteWebDriver.findElement(RemoteWebDriver.java:307)
	at org.openqa.selenium.remote.RemoteWebDriver.findElementByXPath(RemoteWebDriver.java:404)
	at org.openqa.selenium.By$ByXPath.findElement(By.java:344)
	at org.openqa.selenium.remote.RemoteWebDriver.findElement(RemoteWebDriver.java:299)
	at org.openqa.selenium.support.pagefactory.DefaultElementLocator.findElement(DefaultElementLocator.java:59)
	at org.openqa.selenium.support.pagefactory.internal.LocatingElementHandler.invoke(LocatingElementHandler.java:34)
	at com.sun.proxy.$Proxy12.getText(Unknown Source)
	at com.nbcuni.test.publisher.pageobjects.Content.ContentParent.VerifyMessageStatus(ContentParent.java:88)
	at com.nbcuni.test.publisher.tests.ContentEntityCreationManagement.ContentTypesEntities.CharacterProfile.CreateCharacterProfile.CreateCharacterProfile_Test(CreateCharacterProfile.java:51)
	at java.util.concurrent.ThreadPoolExecutor.runWorker(ThreadPoolExecutor.java:1145)
	at java.util.concurrent.ThreadPoolExecutor$Worker.run(ThreadPoolExecutor.java:615)
	at java.lang.Thread.run(Thread.java:724)
Caused by: org.openqa.selenium.remote.ScreenshotException: Screen shot has been taken
Build info: version: '2.35.0', revision: '8df0c6bedf70ff9f22c647788f9fe9c8d22210e2', time: '2013-08-17 12:46:41'
System info: os.name: 'Mac OS X', os.arch: 'x86_64', os.version: '10.9.2', java.version: '1.7.0_25'
Driver info: driver.version: RemoteWebDriver
	at org.openqa.selenium.remote.ErrorHandler.throwIfResponseFailed(ErrorHandler.java:125)
	... 23 more
Caused by: org.openqa.selenium.NoSuchElementException: no such element
  (Session info: chrome=33.0.1750.152)
  (Driver info: chromedriver=2.8.241036,platform=Mac OS X 10.9.2 x86_64) (WARNING: The server did not provide any stacktrace information)
Command duration or timeout: 30.03 seconds
For documentation on this error, please visit: http://seleniumhq.org/exceptions/no_such_element.html
Build info: version: '2.35.0', revision: '8df0c6bedf70ff9f22c647788f9fe9c8d22210e2', time: '2013-08-17 12:46:41'
System info: os.name: 'Mac OS X', os.arch: 'x86_64', os.version: '10.9.2', java.version: '1.7.0_25'
Session ID: 0ea9ed7081035a8fac226ecec499ddf1
Driver info: org.openqa.selenium.chrome.ChromeDriver
Capabilities [{platform=MAC, acceptSslCerts=true, javascriptEnabled=true, browserName=chrome, chrome={userDataDir=/var/folders/33/xf0ch4pd75qbhlq2gf2s58l40000gn/T/.org.chromium.Chromium.6dKVcS}, rotatable=false, locationContextEnabled=true, version=33.0.1750.152, takesHeapSnapshot=true, cssSelectorsEnabled=true, databaseEnabled=false, handlesAlerts=true, browserConnectionEnabled=false, webStorageEnabled=true, nativeEvents=true, applicationCacheEnabled=false, takesScreenshot=true}]
For documentation on this error, please visit: http://seleniumhq.org/exceptions/no_such_element.html
Build info: version: '2.35.0', revision: '8df0c6bedf70ff9f22c647788f9fe9c8d22210e2', time: '2013-08-17 12:46:41'
System info: os.name: 'Mac OS X', os.arch: 'x86_64', os.version: '10.9.2', java.version: '1.7.0_25'
Driver info: driver.version: EventFiringWebDriver
	at org.openqa.selenium.remote.ErrorHandler.createThrowable(ErrorHandler.java:191)
	at org.openqa.selenium.remote.ErrorHandler.throwIfResponseFailed(ErrorHandler.java:145)
	at org.openqa.selenium.remote.RemoteWebDriver.execute(RemoteWebDriver.java:554)
	at org.openqa.selenium.remote.RemoteWebDriver.findElement(RemoteWebDriver.java:307)
	at org.openqa.selenium.remote.RemoteWebDriver.findElementByXPath(RemoteWebDriver.java:404)
	at org.openqa.selenium.By$ByXPath.findElement(By.java:344)
	at org.openqa.selenium.remote.RemoteWebDriver.findElement(RemoteWebDriver.java:299)
	at org.openqa.selenium.support.events.EventFiringWebDriver$2.invoke(EventFiringWebDriver.java:101)
	at com.sun.proxy.$Proxy10.findElement(Unknown Source)
	at org.openqa.selenium.support.events.EventFiringWebDriver.findElement(EventFiringWebDriver.java:180)
	at org.openqa.selenium.remote.server.handler.FindElement.call(FindElement.java:47)
	at org.openqa.selenium.remote.server.handler.FindElement.call(FindElement.java:33)
	at java.util.concurrent.FutureTask$Sync.innerRun(FutureTask.java:334)
	at java.util.concurrent.FutureTask.run(FutureTask.java:166)
	at org.openqa.selenium.remote.server.DefaultSession$1.run(DefaultSession.java:169)
	... 3 more
... Removed 21 stack frames]]>
    </failure>
  </testcase> <!-- CreateCharacterProfile_Test -->
</testsuite> <!-- All Concurrent Web Tests -->
